Microsoft (R) Macro Assembler Version 14.50.35723.0	    03/08/26 16:44:50
BrainrotGuesser.asm					     Page 1 - 1



				INCLUDE Irvine32.inc
			      C ; Include file for Irvine32.lib             (Irvine32.inc)
			      C 
			      C ;OPTION CASEMAP:NONE		; optional: make identifiers case-sensitive
			      C 
			      C INCLUDE SmallWin.inc		; MS-Windows prototypes, structures, and constants
			      C .NOLIST
			      C .LIST
			      C 
			      C INCLUDE VirtualKeys.inc
			      C ; VirtualKeys.inc
			      C .NOLIST
			      C .LIST
			      C 
			      C 
			      C .NOLIST
			      C .LIST
			      C 

 00000000			.data
 00000000 62 72 61 69 6E	    databaseName    BYTE "brainrot_database.txt", 0
	   72 6F 74 5F 64
	   61 74 61 62 61
	   73 65 2E 74 78
	   74 00
 00000016  00000100 [		    filename_copy   BYTE 256 DUP(0)          ; stored filename for LoadFileLine
	    00
	   ]
 00000116  00000400 [		    line_buffer     BYTE 1024 DUP(0)         ; holds one line (null‑terminated)
	    00
	   ]
 00000516  00001000 [		    file_buffer     BYTE 4096 DUP(0)         ; temporary read buffer
	    00
	   ]

				    ; variables used by LoadFileLine
 00001516 00000000		    target_line     DWORD ?                   ; requested line number
 0000151A 00000000		    current_line    DWORD ?                   ; line counter while reading
 0000151E 00			    is_copying      BYTE ?                     ; flag: 1 = copying target line

 0000151F 00000000		    file_handle       DWORD ?
 00001523 00000000		    bytes_read        DWORD ?


 00001527 47 75 65 73 73	    prompt_char   BYTE "Guess a letter (5 attempts left): ", 0
	   20 61 20 6C 65
	   74 74 65 72 20
	   28 35 20 61 74
	   74 65 6D 70 74
	   73 20 6C 65 66
	   74 29 3A 20 00
 0000154A 46 69 6E 61 6C	    prompt_final  BYTE "Final chance! Type the whole word: ", 0
	   20 63 68 61 6E
	   63 65 21 20 54
	   79 70 65 20 74
	   68 65 20 77 68
	   6F 6C 65 20 77
	   6F 72 64 3A 20
	   00
 0000156E 20 46 6F 75 6E	    msg_hit       BYTE " Found a match!", 13, 10, 0
	   64 20 61 20 6D
	   61 74 63 68 21
	   0D 0A 00
 00001580 20 4E 6F 74 20	    msg_miss      BYTE " Not in the word.", 13, 10, 0
	   69 6E 20 74 68
	   65 20 77 6F 72
	   64 2E 0D 0A 00
 00001594 59 6F 75 20 67	    msg_win       BYTE "You got it! You win!", 13, 10, 0
	   6F 74 20 69 74
	   21 20 59 6F 75
	   20 77 69 6E 21
	   0D 0A 00
 000015AB 49 6E 63 6F 72	    msg_lose      BYTE "Incorrect. Game Over.", 13, 10, 0
	   72 65 63 74 2E
	   20 47 61 6D 65
	   20 4F 76 65 72
	   2E 0D 0A 00
 000015C3 20 00			    space         BYTE  " ", 0
				    
 000015C5  00000400 [		    mask_buffer   BYTE 1024 DUP(0)  ; Holds underscores like "_ _ _ _"
	    00
	   ]
 000019C5  00000400 [		    user_input    BYTE 1024 DUP(0)  ; Holds the final word guess
	    00
	   ]
 00001DC5 00000005		    guesses_left  DWORD 5

 00000000			.code


 00000000			main PROC
 00000000  E8 00000000 E	    call Randomize              ; Seed the random generator

				    ; 1. Get a random line index
 00000005  E8 00000011		    call GetRandomFileLine      ; Returns index in EAX
				    
				    ; 2. Load that specific line into line_buffer
 0000000A  E8 00000096		    call LoadFileLine           ; EAX is already the input

				    ; 3. Run the Game
 0000000F  E8 00000144		    call PlayGuessingGame

				    exit
 00000014  6A 00	   *	    push   +000000000h
 00000016  E8 00000000 E   *	    call   ExitProcess
 0000001B			main ENDP

				OPENFILECREATE MACRO
				    INVOKE CreateFile, ADDR databaseName, GENERIC_READ, FILE_SHARE_READ, 0, OPEN_EXISTING, 0, 0
				ENDM

				OPENFILEREAD MACRO
				    INVOKE ReadFile, file_handle, ADDR file_buffer, 4096, ADDR bytes_read, 0
				ENDM



				;---------------------------------------------------------
				; MACRO: CMP_NOCASE
				; Normalizes two 8-bit characters to uppercase and compares them.
				; Note: This modifies the registers provided.
				;---------------------------------------------------------
				CMP_NOCASE MACRO char1, char2
				    LOCAL skip1, skip2
				    push eax
				    push ebx
				    ; Convert char1 to uppercase if it's a lowercase letter
				    cmp char1, 'a'
				    jb  skip1
				    cmp char1, 'z'
				    ja  skip1
				    and char1, 11011111b    ;; to uppercase (0xDF)
				    skip1:

				        ; Convert char2 to uppercase if it's a lowercase letter
				        cmp char2, 'a'
				        jb  skip2
				        cmp char2, 'z'
				        ja  skip2
				        and char2, 11011111b    ;; to uppercase (0xDF)
				    skip2:
				        cmp char1, char2        ;; Final comparison
				        pop ebx
				        pop eax
				ENDM


				; returns: EAX = random line index (0-based)
 0000001B			GetRandomFileLine PROC
				    ; 1. Open the file to count total lines
				    OPENFILECREATE
 0000001B  6A 00	   *	    push   +000000000h
 0000001D  6A 00	   *	    push   +000000000h
 0000001F  6A 03	   *	    push   +000000003h
 00000021  6A 00	   *	    push   +000000000h
 00000023  6A 01	   *	    push   +000000001h
 00000025  68 80000000	   *	    push   +080000000h
 0000002A  68 00000000 R   *	    push   OFFSET databaseName
 0000002F  E8 00000000 E   *	    call   CreateFileA
 00000034  A3 0000151F R	    mov file_handle, eax
 00000039  83 F8 FF		    cmp eax, INVALID_HANDLE_VALUE
 0000003C  74 64		    je  Fail

 0000003E  C7 05 0000151A R	    mov current_line, 0
	   00000000

 00000048			    CountLoop:
				        OPENFILEREAD
 00000048  6A 00	   *	    push   +000000000h
 0000004A  68 00001523 R   *	    push   OFFSET bytes_read
 0000004F  68 00001000	   *	    push   +000001000h
 00000054  68 00000516 R   *	    push   OFFSET file_buffer
 00000059  FF 35 0000151F R *	    push   file_handle
 0000005F  E8 00000000 E   *	    call   ReadFile
 00000064  83 3D 00001523 R	        cmp bytes_read, 0
	   00
 0000006B  74 1A		        je  EndCount
 0000006D  8B 0D 00001523 R	        mov ecx, bytes_read
 00000073  BE 00000516 R	        mov esi, OFFSET file_buffer

 00000078			    Scan:
 00000078  AC			        lodsb
 00000079  3C 0A		        cmp al, 0Ah          ; Line Feed found?
 0000007B  75 06		        jne Next
 0000007D  FF 05 0000151A R	        inc current_line
 00000083			    Next:
 00000083  E2 F3		        loop Scan
 00000085  EB C1		        jmp CountLoop
 00000087			    EndCount:
				        INVOKE CloseHandle, file_handle
 00000087  FF 35 0000151F R *	    push   file_handle
 0000008D  E8 00000000 E   *	    call   CloseHandle
 00000092  A1 0000151A R	        mov eax, current_line
 00000097  83 F8 00		        cmp eax, 0
 0000009A  74 06		        je  Fail
 0000009C  E8 00000000 E	        call RandomRange     ; Returns [0 to current_line-1] in EAX
 000000A1  C3			        ret
 000000A2			    Fail:
 000000A2  33 C0		        xor eax, eax
 000000A4  C3			        ret
				    
 000000A5			GetRandomFileLine ENDP


				; input: EAX = line index to retrieve
 000000A5			LoadFileLine PROC
 000000A5  A3 00001516 R	    mov target_line, eax
 000000AA  C7 05 0000151A R	    mov current_line, 0
	   00000000
 000000B4  C6 05 0000151E R	    mov is_copying, 0
	   00
				    
				    OPENFILECREATE
 000000BB  6A 00	   *	    push   +000000000h
 000000BD  6A 00	   *	    push   +000000000h
 000000BF  6A 03	   *	    push   +000000003h
 000000C1  6A 00	   *	    push   +000000000h
 000000C3  6A 01	   *	    push   +000000001h
 000000C5  68 80000000	   *	    push   +080000000h
 000000CA  68 00000000 R   *	    push   OFFSET databaseName
 000000CF  E8 00000000 E   *	    call   CreateFileA
 000000D4  A3 0000151F R	    mov file_handle, eax
 000000D9  83 F8 FF		    cmp eax, INVALID_HANDLE_VALUE
 000000DC  74 79		    je  LoadExit

 000000DE  BF 00000116 R	    mov edi, OFFSET line_buffer

 000000E3			    ReadLoop:
				        OPENFILEREAD
 000000E3  6A 00	   *	    push   +000000000h
 000000E5  68 00001523 R   *	    push   OFFSET bytes_read
 000000EA  68 00001000	   *	    push   +000001000h
 000000EF  68 00000516 R   *	    push   OFFSET file_buffer
 000000F4  FF 35 0000151F R *	    push   file_handle
 000000FA  E8 00000000 E   *	    call   ReadFile
 000000FF  83 3D 00001523 R	        cmp bytes_read, 0
	   00
 00000106  74 44		        je  CloseAndExit
				        
 00000108  8B 0D 00001523 R	        mov ecx, bytes_read
 0000010E  BE 00000516 R	        mov esi, OFFSET file_buffer

 00000113			    Process:
 00000113  AC			        lodsb
 00000114  8A D8		        mov bl, al
				        
 00000116  8B 15 0000151A R	        mov edx, current_line
 0000011C  3B 15 00001516 R	        cmp edx, target_line
 00000122  75 16		        jne Skip

				        ; We are at the target line
 00000124  C6 05 0000151E R	        mov is_copying, 1
	   01
 0000012B  80 FB 0D		        cmp bl, 0Dh          ; Carriage Return?
 0000012E  74 19		        je  Finish
 00000130  80 FB 0A		        cmp bl, 0Ah          ; Line Feed?
 00000133  74 14		        je  Finish
				        
 00000135  88 1F		        mov [edi], bl        ; Copy char to line_buffer
 00000137  47			        inc edi
 00000138  EB 0B		        jmp NextChar

 0000013A			    Skip:
 0000013A  80 FB 0A		        cmp bl, 0Ah
 0000013D  75 06		        jne NextChar
 0000013F  FF 05 0000151A R	        inc current_line

 00000145			    NextChar:
 00000145  E2 CC		        loop Process
 00000147  EB 9A		        jmp  ReadLoop

 00000149			    Finish:
 00000149  C6 07 00		        mov BYTE PTR [edi], 0 ; Null terminate
 0000014C			    CloseAndExit:
				        INVOKE CloseHandle, file_handle
 0000014C  FF 35 0000151F R *	    push   file_handle
 00000152  E8 00000000 E   *	    call   CloseHandle
 00000157			    LoadExit:
 00000157  C3			        ret
 00000158			LoadFileLine ENDP

 00000158			PlayGuessingGame PROC
				; Logic: 5 single letter guesses, then one final word entry
				;---------------------------------------------------------
				    ; Create the mask (underscores)
 00000158  BE 00000116 R	    mov esi, OFFSET line_buffer
 0000015D  BF 000015C5 R	    mov edi, OFFSET mask_buffer
 00000162			    MaskLoop:
 00000162  AC			        lodsb
 00000163  3C 00		        cmp al, 0
 00000165  74 06		        je  DoneMask
 00000167  C6 07 5F		        mov BYTE PTR [edi], '_'
 0000016A  47			        inc edi
 0000016B  EB F5		        jmp MaskLoop
 0000016D			    DoneMask:
 0000016D  C6 07 00		        mov BYTE PTR [edi], 0

 00000170			    GameLoop:
 00000170  83 3D 00001DC5 R	        cmp guesses_left, 0
	   00
 00000177  0F 84 00000095	        je  FinalInput

				        ; Display Progress
 0000017D  BA 000015C5 R	        mov edx, OFFSET mask_buffer
 00000182  E8 00000000 E	        call WriteString
 00000187  E8 00000000 E	        call CrLf

				        ; Prompt User
 0000018C  BA 00001527 R	        mov edx, OFFSET prompt_char
 00000191  E8 00000000 E	        call WriteString
 00000196  A1 00001DC5 R	        mov eax, guesses_left
 0000019B  E8 00000000 E	        call WriteDec
				        
 000001A0  E8 00000000 E	        call Crlf

 000001A5  E8 00000000 E	        call ReadChar
 000001AA  E8 00000000 E	        call WriteChar
 000001AF  B3 00		        mov bl, 0           ; Hit flag
				        
				        ; Scan for hits
 000001B1  BE 00000116 R	        mov esi, OFFSET line_buffer
 000001B6  BF 000015C5 R	        mov edi, OFFSET mask_buffer
 000001BB			    ScanHits:
 000001BB  8A 3E		        mov bh, [esi]
 000001BD  80 FF 00		        cmp bh, 0
 000001C0  74 27		        je  ScanDone
				        CMP_NOCASE bh, al
 000001C2  50		     1	    push eax
 000001C3  53		     1	    push ebx
 000001C4  80 FF 61	     1	    cmp bh, 'a'
 000001C7  72 08	     1	    jb  ??0000
 000001C9  80 FF 7A	     1	    cmp bh, 'z'
 000001CC  77 03	     1	    ja  ??0000
 000001CE  80 E7 DF	     1	    and bh, 11011111b    
 000001D1		     1	    ??0000:
 000001D1  3C 61	     1	        cmp al, 'a'
 000001D3  72 06	     1	        jb  ??0001
 000001D5  3C 7A	     1	        cmp al, 'z'
 000001D7  77 02	     1	        ja  ??0001
 000001D9  24 DF	     1	        and al, 11011111b    
 000001DB		     1	    ??0001:
 000001DB  3A F8	     1	        cmp bh, al        
 000001DD  5B		     1	        pop ebx
 000001DE  58		     1	        pop eax
 000001DF  75 04		        jne NoMatch
 000001E1  88 07		        mov [edi], al
 000001E3  B3 01		        mov bl, 1
 000001E5			    NoMatch:
 000001E5  46			        inc esi
 000001E6  47			        inc edi
 000001E7  EB D2		        jmp ScanHits
 000001E9			    ScanDone:
 000001E9  FF 0D 00001DC5 R	        dec guesses_left
 000001EF  80 FB 01		        cmp bl, 1
 000001F2  74 0F		        je  Hit
 000001F4  BA 00001580 R	        mov edx, OFFSET msg_miss
 000001F9  E8 00000000 E	        call WriteString
 000001FE  E9 FFFFFF6D		        jmp GameLoop
 00000203			    Hit:
 00000203  BA 0000156E R	        mov edx, OFFSET msg_hit
 00000208  E8 00000000 E	        call WriteString
 0000020D  E9 FFFFFF5E		        jmp GameLoop

 00000212			    FinalInput:
 00000212  E8 00000000 E	        call CrLf
 00000217  BA 0000154A R	        mov edx, OFFSET prompt_final
 0000021C  E8 00000000 E	        call WriteString
 00000221  BA 000019C5 R	        mov edx, OFFSET user_input
 00000226  B9 00000400		        mov ecx, SIZEOF user_input
 0000022B  E8 00000000 E	        call ReadString

				        ; Compare user_input to line_buffer
 00000230  BE 000019C5 R	        mov esi, OFFSET user_input
 00000235  BF 00000116 R	        mov edi, OFFSET line_buffer
				        INVOKE Str_compare, ADDR user_input, ADDR line_buffer
 0000023A  68 00000116 R   *	    push   OFFSET line_buffer
 0000023F  68 000019C5 R   *	    push   OFFSET user_input
 00000244  E8 00000000 E   *	    call   Str_compare
 00000249  74 0C		        jz  Win
 0000024B  BA 000015AB R	        mov edx, OFFSET msg_lose
 00000250  E8 00000000 E	        call WriteString
 00000255  EB 0A		        jmp GameExit
 00000257			    Win:
 00000257  BA 00001594 R	        mov edx, OFFSET msg_win
 0000025C  E8 00000000 E	        call WriteString
 00000261			    GameExit:
 00000261  C3			        ret
 00000262			PlayGuessingGame ENDP


				END main
Microsoft (R) Macro Assembler Version 14.50.35723.0	    03/08/26 16:44:50
BrainrotGuesser.asm					     Symbols 2 - 1




Macros:

                N a m e                 Type

CMP_NOCASE . . . . . . . . . . .	Proc
OPENFILECREATE . . . . . . . . .	Proc
OPENFILEREAD . . . . . . . . . .	Proc


Structures and Unions:

                N a m e                  Size
                                         Offset      Type

CONSOLE_CURSOR_INFO  . . . . . .	 00000008
  dwSize . . . . . . . . . . . .	 00000000	 DWord
  bVisible . . . . . . . . . . .	 00000004	 DWord
CONSOLE_SCREEN_BUFFER_INFO . . .	 00000016
  dwSize . . . . . . . . . . . .	 00000000	 DWord
  dwCursorPosition . . . . . . .	 00000004	 DWord
  wAttributes  . . . . . . . . .	 00000008	 Word
  srWindow . . . . . . . . . . .	 0000000A	 QWord
  dwMaximumWindowSize  . . . . .	 00000012	 DWord
COORD  . . . . . . . . . . . . .	 00000004
  X  . . . . . . . . . . . . . .	 00000000	 Word
  Y  . . . . . . . . . . . . . .	 00000002	 Word
FILETIME . . . . . . . . . . . .	 00000008
  loDateTime . . . . . . . . . .	 00000000	 DWord
  hiDateTime . . . . . . . . . .	 00000004	 DWord
FOCUS_EVENT_RECORD . . . . . . .	 00000004
  bSetFocus  . . . . . . . . . .	 00000000	 DWord
FPU_ENVIRON  . . . . . . . . . .	 0000001C
  controlWord  . . . . . . . . .	 00000000	 Word
  statusWord . . . . . . . . . .	 00000004	 Word
  tagWord  . . . . . . . . . . .	 00000008	 Word
  instrPointerOffset . . . . . .	 0000000C	 DWord
  instrPointerSelector . . . . .	 00000010	 DWord
  operandPointerOffset . . . . .	 00000014	 DWord
  operandPointerSelector . . . .	 00000018	 Word
INPUT_RECORD . . . . . . . . . .	 00000014
  EventType  . . . . . . . . . .	 00000000	 Word
  Event  . . . . . . . . . . . .	 00000004	 XmmWord
  bKeyDown . . . . . . . . . . .	 00000000	 DWord
  wRepeatCount . . . . . . . . .	 00000004	 Word
  wVirtualKeyCode  . . . . . . .	 00000006	 Word
  wVirtualScanCode . . . . . . .	 00000008	 Word
  uChar  . . . . . . . . . . . .	 0000000A	 Word
  UnicodeChar  . . . . . . . . .	 00000000	 Word
  AsciiChar  . . . . . . . . . .	 00000000	 Byte
  dwControlKeyState  . . . . . .	 0000000C	 DWord
  dwMousePosition  . . . . . . .	 00000000	 DWord
  dwButtonState  . . . . . . . .	 00000004	 DWord
  dwMouseControlKeyState . . . .	 00000008	 DWord
  dwEventFlags . . . . . . . . .	 0000000C	 DWord
  dwSize . . . . . . . . . . . .	 00000000	 DWord
  dwCommandId  . . . . . . . . .	 00000000	 DWord
  bSetFocus  . . . . . . . . . .	 00000000	 DWord
KEY_EVENT_RECORD . . . . . . . .	 00000010
  bKeyDown . . . . . . . . . . .	 00000000	 DWord
  wRepeatCount . . . . . . . . .	 00000004	 Word
  wVirtualKeyCode  . . . . . . .	 00000006	 Word
  wVirtualScanCode . . . . . . .	 00000008	 Word
  uChar  . . . . . . . . . . . .	 0000000A	 Word
  UnicodeChar  . . . . . . . . .	 00000000	 Word
  AsciiChar  . . . . . . . . . .	 00000000	 Byte
  dwControlKeyState  . . . . . .	 0000000C	 DWord
MENU_EVENT_RECORD  . . . . . . .	 00000004
  dwCommandId  . . . . . . . . .	 00000000	 DWord
MOUSE_EVENT_RECORD . . . . . . .	 00000010
  dwMousePosition  . . . . . . .	 00000000	 DWord
  dwButtonState  . . . . . . . .	 00000004	 DWord
  dwMouseControlKeyState . . . .	 00000008	 DWord
  dwEventFlags . . . . . . . . .	 0000000C	 DWord
SMALL_RECT . . . . . . . . . . .	 00000008
  Left . . . . . . . . . . . . .	 00000000	 Word
  Top  . . . . . . . . . . . . .	 00000002	 Word
  Right  . . . . . . . . . . . .	 00000004	 Word
  Bottom . . . . . . . . . . . .	 00000006	 Word
SYSTEMTIME . . . . . . . . . . .	 00000010
  wYear  . . . . . . . . . . . .	 00000000	 Word
  wMonth . . . . . . . . . . . .	 00000002	 Word
  wDayOfWeek . . . . . . . . . .	 00000004	 Word
  wDay . . . . . . . . . . . . .	 00000006	 Word
  wHour  . . . . . . . . . . . .	 00000008	 Word
  wMinute  . . . . . . . . . . .	 0000000A	 Word
  wSecond  . . . . . . . . . . .	 0000000C	 Word
  wMilliseconds  . . . . . . . .	 0000000E	 Word
WINDOW_BUFFER_SIZE_RECORD  . . .	 00000004
  dwSize . . . . . . . . . . . .	 00000000	 DWord


Segments and Groups:

                N a m e                 Size     Length   Align   Combine Class

FLAT . . . . . . . . . . . . . .	GROUP
STACK  . . . . . . . . . . . . .	32 Bit	 00001000 Para	  Stack	  'STACK'	 
_DATA  . . . . . . . . . . . . .	32 Bit	 00001DC9 Para	  Public  'DATA'	
_TEXT  . . . . . . . . . . . . .	32 Bit	 00000262 Para	  Public  'CODE'	


Procedures, parameters, and locals:

                N a m e                 Type     Value    Attr

CloseFile  . . . . . . . . . . .	P Near	 00000000 FLAT	Length= 00000000 External STDCALL
CloseHandle  . . . . . . . . . .	P Near	 00000000 FLAT	Length= 00000000 External STDCALL
Clrscr . . . . . . . . . . . . .	P Near	 00000000 FLAT	Length= 00000000 External STDCALL
CreateFileA  . . . . . . . . . .	P Near	 00000000 FLAT	Length= 00000000 External STDCALL
CreateOutputFile . . . . . . . .	P Near	 00000000 FLAT	Length= 00000000 External STDCALL
Crlf . . . . . . . . . . . . . .	P Near	 00000000 FLAT	Length= 00000000 External STDCALL
Delay  . . . . . . . . . . . . .	P Near	 00000000 FLAT	Length= 00000000 External STDCALL
DumpMem  . . . . . . . . . . . .	P Near	 00000000 FLAT	Length= 00000000 External STDCALL
DumpRegs . . . . . . . . . . . .	P Near	 00000000 FLAT	Length= 00000000 External STDCALL
ExitProcess  . . . . . . . . . .	P Near	 00000000 FLAT	Length= 00000000 External STDCALL
FileTimeToDosDateTime  . . . . .	P Near	 00000000 FLAT	Length= 00000000 External STDCALL
FileTimeToSystemTime . . . . . .	P Near	 00000000 FLAT	Length= 00000000 External STDCALL
FlushConsoleInputBuffer  . . . .	P Near	 00000000 FLAT	Length= 00000000 External STDCALL
FormatMessageA . . . . . . . . .	P Near	 00000000 FLAT	Length= 00000000 External STDCALL
GetCommandLineA  . . . . . . . .	P Near	 00000000 FLAT	Length= 00000000 External STDCALL
GetCommandTail . . . . . . . . .	P Near	 00000000 FLAT	Length= 00000000 External STDCALL
GetConsoleCP . . . . . . . . . .	P Near	 00000000 FLAT	Length= 00000000 External STDCALL
GetConsoleCursorInfo . . . . . .	P Near	 00000000 FLAT	Length= 00000000 External STDCALL
GetConsoleMode . . . . . . . . .	P Near	 00000000 FLAT	Length= 00000000 External STDCALL
GetConsoleScreenBufferInfo . . .	P Near	 00000000 FLAT	Length= 00000000 External STDCALL
GetDateTime  . . . . . . . . . .	P Near	 00000000 FLAT	Length= 00000000 External STDCALL
GetFileTime  . . . . . . . . . .	P Near	 00000000 FLAT	Length= 00000000 External STDCALL
GetKeyState  . . . . . . . . . .	P Near	 00000000 FLAT	Length= 00000000 External STDCALL
GetLastError . . . . . . . . . .	P Near	 00000000 FLAT	Length= 00000000 External STDCALL
GetLocalTime . . . . . . . . . .	P Near	 00000000 FLAT	Length= 00000000 External STDCALL
GetMaxXY . . . . . . . . . . . .	P Near	 00000000 FLAT	Length= 00000000 External STDCALL
GetMseconds  . . . . . . . . . .	P Near	 00000000 FLAT	Length= 00000000 External STDCALL
GetNumberOfConsoleInputEvents  .	P Near	 00000000 FLAT	Length= 00000000 External STDCALL
GetProcessHeap . . . . . . . . .	P Near	 00000000 FLAT	Length= 00000000 External STDCALL
GetRandomFileLine  . . . . . . .	P Near	 0000001B _TEXT	Length= 0000008A Public STDCALL
  CountLoop  . . . . . . . . . .	L Near	 00000048 _TEXT	
  Scan . . . . . . . . . . . . .	L Near	 00000078 _TEXT	
  Next . . . . . . . . . . . . .	L Near	 00000083 _TEXT	
  EndCount . . . . . . . . . . .	L Near	 00000087 _TEXT	
  Fail . . . . . . . . . . . . .	L Near	 000000A2 _TEXT	
GetStdHandle . . . . . . . . . .	P Near	 00000000 FLAT	Length= 00000000 External STDCALL
GetSystemTime  . . . . . . . . .	P Near	 00000000 FLAT	Length= 00000000 External STDCALL
GetTextColor . . . . . . . . . .	P Near	 00000000 FLAT	Length= 00000000 External STDCALL
GetTickCount . . . . . . . . . .	P Near	 00000000 FLAT	Length= 00000000 External STDCALL
Gotoxy . . . . . . . . . . . . .	P Near	 00000000 FLAT	Length= 00000000 External STDCALL
HeapAlloc  . . . . . . . . . . .	P Near	 00000000 FLAT	Length= 00000000 External STDCALL
HeapCreate . . . . . . . . . . .	P Near	 00000000 FLAT	Length= 00000000 External STDCALL
HeapDestroy  . . . . . . . . . .	P Near	 00000000 FLAT	Length= 00000000 External STDCALL
HeapFree . . . . . . . . . . . .	P Near	 00000000 FLAT	Length= 00000000 External STDCALL
HeapSize . . . . . . . . . . . .	P Near	 00000000 FLAT	Length= 00000000 External STDCALL
IsDigit  . . . . . . . . . . . .	P Near	 00000000 FLAT	Length= 00000000 External STDCALL
LoadFileLine . . . . . . . . . .	P Near	 000000A5 _TEXT	Length= 000000B3 Public STDCALL
  ReadLoop . . . . . . . . . . .	L Near	 000000E3 _TEXT	
  Process  . . . . . . . . . . .	L Near	 00000113 _TEXT	
  Skip . . . . . . . . . . . . .	L Near	 0000013A _TEXT	
  NextChar . . . . . . . . . . .	L Near	 00000145 _TEXT	
  Finish . . . . . . . . . . . .	L Near	 00000149 _TEXT	
  CloseAndExit . . . . . . . . .	L Near	 0000014C _TEXT	
  LoadExit . . . . . . . . . . .	L Near	 00000157 _TEXT	
LocalFree  . . . . . . . . . . .	P Near	 00000000 FLAT	Length= 00000000 External STDCALL
MessageBoxA  . . . . . . . . . .	P Near	 00000000 FLAT	Length= 00000000 External STDCALL
MsgBoxAsk  . . . . . . . . . . .	P Near	 00000000 FLAT	Length= 00000000 External STDCALL
MsgBox . . . . . . . . . . . . .	P Near	 00000000 FLAT	Length= 00000000 External STDCALL
OpenInputFile  . . . . . . . . .	P Near	 00000000 FLAT	Length= 00000000 External STDCALL
ParseDecimal32 . . . . . . . . .	P Near	 00000000 FLAT	Length= 00000000 External STDCALL
ParseInteger32 . . . . . . . . .	P Near	 00000000 FLAT	Length= 00000000 External STDCALL
PeekConsoleInputA  . . . . . . .	P Near	 00000000 FLAT	Length= 00000000 External STDCALL
PlayGuessingGame . . . . . . . .	P Near	 00000158 _TEXT	Length= 0000010A Public STDCALL
  MaskLoop . . . . . . . . . . .	L Near	 00000162 _TEXT	
  DoneMask . . . . . . . . . . .	L Near	 0000016D _TEXT	
  GameLoop . . . . . . . . . . .	L Near	 00000170 _TEXT	
  ScanHits . . . . . . . . . . .	L Near	 000001BB _TEXT	
  ??0000 . . . . . . . . . . . .	L Near	 000001D1 _TEXT	
  ??0001 . . . . . . . . . . . .	L Near	 000001DB _TEXT	
  NoMatch  . . . . . . . . . . .	L Near	 000001E5 _TEXT	
  ScanDone . . . . . . . . . . .	L Near	 000001E9 _TEXT	
  Hit  . . . . . . . . . . . . .	L Near	 00000203 _TEXT	
  FinalInput . . . . . . . . . .	L Near	 00000212 _TEXT	
  Win  . . . . . . . . . . . . .	L Near	 00000257 _TEXT	
  GameExit . . . . . . . . . . .	L Near	 00000261 _TEXT	
Random32 . . . . . . . . . . . .	P Near	 00000000 FLAT	Length= 00000000 External STDCALL
RandomRange  . . . . . . . . . .	P Near	 00000000 FLAT	Length= 00000000 External STDCALL
Randomize  . . . . . . . . . . .	P Near	 00000000 FLAT	Length= 00000000 External STDCALL
ReadChar . . . . . . . . . . . .	P Near	 00000000 FLAT	Length= 00000000 External STDCALL
ReadConsoleA . . . . . . . . . .	P Near	 00000000 FLAT	Length= 00000000 External STDCALL
ReadConsoleInputA  . . . . . . .	P Near	 00000000 FLAT	Length= 00000000 External STDCALL
ReadDec  . . . . . . . . . . . .	P Near	 00000000 FLAT	Length= 00000000 External STDCALL
ReadFile . . . . . . . . . . . .	P Near	 00000000 FLAT	Length= 00000000 External STDCALL
ReadFloat  . . . . . . . . . . .	P Near	 00000000 FLAT	Length= 00000000 External STDCALL
ReadFromFile . . . . . . . . . .	P Near	 00000000 FLAT	Length= 00000000 External STDCALL
ReadHex  . . . . . . . . . . . .	P Near	 00000000 FLAT	Length= 00000000 External STDCALL
ReadInt  . . . . . . . . . . . .	P Near	 00000000 FLAT	Length= 00000000 External STDCALL
ReadKeyFlush . . . . . . . . . .	P Near	 00000000 FLAT	Length= 00000000 External STDCALL
ReadKey  . . . . . . . . . . . .	P Near	 00000000 FLAT	Length= 00000000 External STDCALL
ReadString . . . . . . . . . . .	P Near	 00000000 FLAT	Length= 00000000 External STDCALL
SetConsoleCursorInfo . . . . . .	P Near	 00000000 FLAT	Length= 00000000 External STDCALL
SetConsoleCursorPosition . . . .	P Near	 00000000 FLAT	Length= 00000000 External STDCALL
SetConsoleMode . . . . . . . . .	P Near	 00000000 FLAT	Length= 00000000 External STDCALL
SetConsoleScreenBufferSize . . .	P Near	 00000000 FLAT	Length= 00000000 External STDCALL
SetConsoleTextAttribute  . . . .	P Near	 00000000 FLAT	Length= 00000000 External STDCALL
SetConsoleTitleA . . . . . . . .	P Near	 00000000 FLAT	Length= 00000000 External STDCALL
SetConsoleWindowInfo . . . . . .	P Near	 00000000 FLAT	Length= 00000000 External STDCALL
SetFilePointer . . . . . . . . .	P Near	 00000000 FLAT	Length= 00000000 External STDCALL
SetLocalTime . . . . . . . . . .	P Near	 00000000 FLAT	Length= 00000000 External STDCALL
SetTextColor . . . . . . . . . .	P Near	 00000000 FLAT	Length= 00000000 External STDCALL
ShowFPUStack . . . . . . . . . .	P Near	 00000000 FLAT	Length= 00000000 External STDCALL
Sleep  . . . . . . . . . . . . .	P Near	 00000000 FLAT	Length= 00000000 External STDCALL
StrLength  . . . . . . . . . . .	P Near	 00000000 FLAT	Length= 00000000 External STDCALL
Str_compare  . . . . . . . . . .	P Near	 00000000 FLAT	Length= 00000000 External STDCALL
Str_copy . . . . . . . . . . . .	P Near	 00000000 FLAT	Length= 00000000 External STDCALL
Str_length . . . . . . . . . . .	P Near	 00000000 FLAT	Length= 00000000 External STDCALL
Str_trim . . . . . . . . . . . .	P Near	 00000000 FLAT	Length= 00000000 External STDCALL
Str_ucase  . . . . . . . . . . .	P Near	 00000000 FLAT	Length= 00000000 External STDCALL
SystemTimeToFileTime . . . . . .	P Near	 00000000 FLAT	Length= 00000000 External STDCALL
WaitMsg  . . . . . . . . . . . .	P Near	 00000000 FLAT	Length= 00000000 External STDCALL
WriteBinB  . . . . . . . . . . .	P Near	 00000000 FLAT	Length= 00000000 External STDCALL
WriteBin . . . . . . . . . . . .	P Near	 00000000 FLAT	Length= 00000000 External STDCALL
WriteChar  . . . . . . . . . . .	P Near	 00000000 FLAT	Length= 00000000 External STDCALL
WriteConsoleA  . . . . . . . . .	P Near	 00000000 FLAT	Length= 00000000 External STDCALL
WriteConsoleOutputAttribute  . .	P Near	 00000000 FLAT	Length= 00000000 External STDCALL
WriteConsoleOutputCharacterA . .	P Near	 00000000 FLAT	Length= 00000000 External STDCALL
WriteDec . . . . . . . . . . . .	P Near	 00000000 FLAT	Length= 00000000 External STDCALL
WriteFile  . . . . . . . . . . .	P Near	 00000000 FLAT	Length= 00000000 External STDCALL
WriteFloat . . . . . . . . . . .	P Near	 00000000 FLAT	Length= 00000000 External STDCALL
WriteHexB  . . . . . . . . . . .	P Near	 00000000 FLAT	Length= 00000000 External STDCALL
WriteHex . . . . . . . . . . . .	P Near	 00000000 FLAT	Length= 00000000 External STDCALL
WriteInt . . . . . . . . . . . .	P Near	 00000000 FLAT	Length= 00000000 External STDCALL
WriteStackFrameName  . . . . . .	P Near	 00000000 FLAT	Length= 00000000 External STDCALL
WriteStackFrame  . . . . . . . .	P Near	 00000000 FLAT	Length= 00000000 External STDCALL
WriteString  . . . . . . . . . .	P Near	 00000000 FLAT	Length= 00000000 External STDCALL
WriteToFile  . . . . . . . . . .	P Near	 00000000 FLAT	Length= 00000000 External STDCALL
WriteWindowsMsg  . . . . . . . .	P Near	 00000000 FLAT	Length= 00000000 External STDCALL
main . . . . . . . . . . . . . .	P Near	 00000000 _TEXT	Length= 0000001B Public STDCALL
printf . . . . . . . . . . . . .	P Near	 00000000 FLAT	Length= 00000000 External C
scanf  . . . . . . . . . . . . .	P Near	 00000000 FLAT	Length= 00000000 External C
wsprintfA  . . . . . . . . . . .	P Near	 00000000 FLAT	Length= 00000000 External C


Symbols:

                N a m e                 Type     Value    Attr

@CodeSize  . . . . . . . . . . .	Number	 00000000h   
@DataSize  . . . . . . . . . . .	Number	 00000000h   
@Interface . . . . . . . . . . .	Number	 00000003h   
@Model . . . . . . . . . . . . .	Number	 00000007h   
@code  . . . . . . . . . . . . .	Text   	 _TEXT
@data  . . . . . . . . . . . . .	Text   	 FLAT
@fardata?  . . . . . . . . . . .	Text   	 FLAT
@fardata . . . . . . . . . . . .	Text   	 FLAT
@stack . . . . . . . . . . . . .	Text   	 FLAT
ALT_MASK . . . . . . . . . . . .	Number	 00000003h   
CAPSLOCK_ON  . . . . . . . . . .	Number	 00000080h   
CREATE_ALWAYS  . . . . . . . . .	Number	 00000002h   
CREATE_NEW . . . . . . . . . . .	Number	 00000001h   
CTRL_MASK  . . . . . . . . . . .	Number	 0000000Ch   
CreateFile . . . . . . . . . . .	Text   	 CreateFileA
DO_NOT_SHARE . . . . . . . . . .	Number	 00000000h   
ENABLE_ECHO_INPUT  . . . . . . .	Number	 00000004h   
ENABLE_LINE_INPUT  . . . . . . .	Number	 00000002h   
ENABLE_MOUSE_INPUT . . . . . . .	Number	 00000010h   
ENABLE_PROCESSED_INPUT . . . . .	Number	 00000001h   
ENABLE_PROCESSED_OUTPUT  . . . .	Number	 00000001h   
ENABLE_WINDOW_INPUT  . . . . . .	Number	 00000008h   
ENABLE_WRAP_AT_EOL_OUTPUT  . . .	Number	 00000002h   
ENHANCED_KEY . . . . . . . . . .	Number	 00000100h   
FALSE  . . . . . . . . . . . . .	Number	 00000000h   
FILE_APPEND_DATA . . . . . . . .	Number	 00000004h   
FILE_ATTRIBUTE_ARCHIVE . . . . .	Number	 00000020h   
FILE_ATTRIBUTE_COMPRESSED  . . .	Number	 00000800h   
FILE_ATTRIBUTE_DEVICE  . . . . .	Number	 00000040h   
FILE_ATTRIBUTE_DIRECTORY . . . .	Number	 00000010h   
FILE_ATTRIBUTE_ENCRYPTED . . . .	Number	 00004000h   
FILE_ATTRIBUTE_HIDDEN  . . . . .	Number	 00000002h   
FILE_ATTRIBUTE_NORMAL  . . . . .	Number	 00000080h   
FILE_ATTRIBUTE_NOT_CONTENT_INDEXED .	Number	 00002000h   
FILE_ATTRIBUTE_OFFLINE . . . . .	Number	 00001000h   
FILE_ATTRIBUTE_READONLY  . . . .	Number	 00000001h   
FILE_ATTRIBUTE_REPARSE_POINT . .	Number	 00000400h   
FILE_ATTRIBUTE_SPARSE_FILE . . .	Number	 00000200h   
FILE_ATTRIBUTE_SYSTEM  . . . . .	Number	 00000004h   
FILE_ATTRIBUTE_TEMPORARY . . . .	Number	 00000100h   
FILE_BEGIN . . . . . . . . . . .	Number	 00000000h   
FILE_CURRENT . . . . . . . . . .	Number	 00000001h   
FILE_DELETE_CHILD  . . . . . . .	Number	 00000040h   
FILE_END . . . . . . . . . . . .	Number	 00000002h   
FILE_READ_DATA . . . . . . . . .	Number	 00000001h   
FILE_SHARE_DELETE  . . . . . . .	Number	 00000004h   
FILE_SHARE_READ  . . . . . . . .	Number	 00000001h   
FILE_SHARE_WRITE . . . . . . . .	Number	 00000002h   
FILE_WRITE_DATA  . . . . . . . .	Number	 00000002h   
FOCUS_EVENT  . . . . . . . . . .	Number	 00000010h   
FORMAT_MESSAGE_ALLOCATE_BUFFER .	Number	 00000100h   
FORMAT_MESSAGE_FROM_SYSTEM . . .	Number	 00001000h   
FormatMessage  . . . . . . . . .	Text   	 FormatMessageA
GENERIC_ALL  . . . . . . . . . .	Number	 10000000h   
GENERIC_EXECUTE  . . . . . . . .	Number	 20000000h   
GENERIC_READ . . . . . . . . . .	Number	 -80000000h   
GENERIC_WRITE  . . . . . . . . .	Number	 40000000h   
GetCommandLine . . . . . . . . .	Text   	 GetCommandLineA
HANDLE . . . . . . . . . . . . .	Text   	 DWORD
HEAP_GENERATE_EXCEPTIONS . . . .	Number	 00000004h   
HEAP_GROWABLE  . . . . . . . . .	Number	 00000002h   
HEAP_NO_SERIALIZE  . . . . . . .	Number	 00000001h   
HEAP_REALLOC_IN_PLACE_ONLY . . .	Number	 00000010h   
HEAP_ZERO_MEMORY . . . . . . . .	Number	 00000008h   
IDABORT  . . . . . . . . . . . .	Number	 00000003h   
IDCANCEL . . . . . . . . . . . .	Number	 00000002h   
IDCLOSE  . . . . . . . . . . . .	Number	 00000008h   
IDCONTINUE . . . . . . . . . . .	Number	 0000000Bh   
IDHELP . . . . . . . . . . . . .	Number	 00000009h   
IDIGNORE . . . . . . . . . . . .	Number	 00000005h   
IDNO . . . . . . . . . . . . . .	Number	 00000007h   
IDOK . . . . . . . . . . . . . .	Number	 00000001h   
IDRETRY  . . . . . . . . . . . .	Number	 00000004h   
IDTIMEOUT  . . . . . . . . . . .	Number	 00007D00h   
IDTRYAGAIN . . . . . . . . . . .	Number	 0000000Ah   
IDYES  . . . . . . . . . . . . .	Number	 00000006h   
INVALID_HANDLE_VALUE . . . . . .	Number	 -00000001h   
KBDOWN_FLAG  . . . . . . . . . .	Number	 00000001h   
KEY_EVENT  . . . . . . . . . . .	Number	 00000001h   
KEY_MASKS  . . . . . . . . . . .	Number	 0000001Fh   
LEFT_ALT_PRESSED . . . . . . . .	Number	 00000002h   
LEFT_CTRL_PRESSED  . . . . . . .	Number	 00000008h   
MB_ABORTRETRYIGNORE  . . . . . .	Number	 00000002h   
MB_APPLMODAL . . . . . . . . . .	Number	 00000000h   
MB_CANCELTRYCONTINUE . . . . . .	Number	 00000006h   
MB_DEFBUTTON1  . . . . . . . . .	Number	 00000000h   
MB_DEFBUTTON2  . . . . . . . . .	Number	 00000100h   
MB_DEFBUTTON3  . . . . . . . . .	Number	 00000200h   
MB_DEFBUTTON4  . . . . . . . . .	Number	 00000300h   
MB_HELP  . . . . . . . . . . . .	Number	 00004000h   
MB_ICONASTERISK  . . . . . . . .	Number	 00000040h   
MB_ICONERROR . . . . . . . . . .	Number	 00000010h   
MB_ICONEXCLAMATION . . . . . . .	Number	 00000030h   
MB_ICONHAND  . . . . . . . . . .	Number	 00000010h   
MB_ICONINFORMATION . . . . . . .	Number	 00000040h   
MB_ICONQUESTION  . . . . . . . .	Number	 00000020h   
MB_ICONSTOP  . . . . . . . . . .	Number	 00000010h   
MB_ICONWARNING . . . . . . . . .	Number	 00000030h   
MB_OKCANCEL  . . . . . . . . . .	Number	 00000001h   
MB_OK  . . . . . . . . . . . . .	Number	 00000000h   
MB_RETRYCANCEL . . . . . . . . .	Number	 00000005h   
MB_SYSTEMMODAL . . . . . . . . .	Number	 00001000h   
MB_TASKMODAL . . . . . . . . . .	Number	 00002000h   
MB_USERICON  . . . . . . . . . .	Number	 00000080h   
MB_YESNOCANCEL . . . . . . . . .	Number	 00000003h   
MB_YESNO . . . . . . . . . . . .	Number	 00000004h   
MENU_EVENT . . . . . . . . . . .	Number	 00000008h   
MOUSE_EVENT  . . . . . . . . . .	Number	 00000002h   
MessageBox . . . . . . . . . . .	Text   	 MessageBoxA
NULL . . . . . . . . . . . . . .	Number	 00000000h   
NUMLOCK_ON . . . . . . . . . . .	Number	 00000020h   
OPEN_ALWAYS  . . . . . . . . . .	Number	 00000004h   
OPEN_EXISTING  . . . . . . . . .	Number	 00000003h   
PeekConsoleInput . . . . . . . .	Text   	 PeekConsoleInputA
RIGHT_ALT_PRESSED  . . . . . . .	Number	 00000001h   
RIGHT_CTRL_PRESSED . . . . . . .	Number	 00000004h   
ReadConsoleInput . . . . . . . .	Text   	 ReadConsoleInputA
ReadConsole  . . . . . . . . . .	Text   	 ReadConsoleA
SCROLLLOCK_ON  . . . . . . . . .	Number	 00000040h   
SHIFT_MASK . . . . . . . . . . .	Number	 00000010h   
SHIFT_PRESSED  . . . . . . . . .	Number	 00000010h   
STD_ERROR_HANDLE . . . . . . . .	Number	 -0000000Ch   
STD_INPUT_HANDLE . . . . . . . .	Number	 -0000000Ah   
STD_OUTPUT_HANDLE  . . . . . . .	Number	 -0000000Bh   
SetConsoleTitle  . . . . . . . .	Text   	 SetConsoleTitleA
TAB  . . . . . . . . . . . . . .	Number	 00000009h   
TRUE . . . . . . . . . . . . . .	Number	 00000001h   
TRUNCATE_EXISTING  . . . . . . .	Number	 00000005h   
VK_11  . . . . . . . . . . . . .	Number	 000000BDh   
VK_12  . . . . . . . . . . . . .	Number	 000000BBh   
VK_ADD . . . . . . . . . . . . .	Number	 0000006Bh   
VK_BACK  . . . . . . . . . . . .	Number	 00000008h   
VK_CANCEL  . . . . . . . . . . .	Number	 00000003h   
VK_CAPITAL . . . . . . . . . . .	Number	 00000014h   
VK_CLEAR . . . . . . . . . . . .	Number	 0000000Ch   
VK_CONTROL . . . . . . . . . . .	Number	 00000011h   
VK_DECIMAL . . . . . . . . . . .	Number	 0000006Eh   
VK_DELETE  . . . . . . . . . . .	Number	 0000002Eh   
VK_DIVIDE  . . . . . . . . . . .	Number	 0000006Fh   
VK_DOWN  . . . . . . . . . . . .	Number	 00000028h   
VK_END . . . . . . . . . . . . .	Number	 00000023h   
VK_ESCAPE  . . . . . . . . . . .	Number	 0000001Bh   
VK_EXECUTE . . . . . . . . . . .	Number	 0000002Bh   
VK_F10 . . . . . . . . . . . . .	Number	 00000079h   
VK_F11 . . . . . . . . . . . . .	Number	 0000007Ah   
VK_F12 . . . . . . . . . . . . .	Number	 0000007Bh   
VK_F13 . . . . . . . . . . . . .	Number	 0000007Ch   
VK_F14 . . . . . . . . . . . . .	Number	 0000007Dh   
VK_F15 . . . . . . . . . . . . .	Number	 0000007Eh   
VK_F16 . . . . . . . . . . . . .	Number	 0000007Fh   
VK_F17 . . . . . . . . . . . . .	Number	 00000080h   
VK_F18 . . . . . . . . . . . . .	Number	 00000081h   
VK_F19 . . . . . . . . . . . . .	Number	 00000082h   
VK_F1  . . . . . . . . . . . . .	Number	 00000070h   
VK_F20 . . . . . . . . . . . . .	Number	 00000083h   
VK_F21 . . . . . . . . . . . . .	Number	 00000084h   
VK_F22 . . . . . . . . . . . . .	Number	 00000085h   
VK_F23 . . . . . . . . . . . . .	Number	 00000086h   
VK_F24 . . . . . . . . . . . . .	Number	 00000087h   
VK_F2  . . . . . . . . . . . . .	Number	 00000071h   
VK_F3  . . . . . . . . . . . . .	Number	 00000072h   
VK_F4  . . . . . . . . . . . . .	Number	 00000073h   
VK_F5  . . . . . . . . . . . . .	Number	 00000074h   
VK_F6  . . . . . . . . . . . . .	Number	 00000075h   
VK_F7  . . . . . . . . . . . . .	Number	 00000076h   
VK_F8  . . . . . . . . . . . . .	Number	 00000077h   
VK_F9  . . . . . . . . . . . . .	Number	 00000078h   
VK_HELP  . . . . . . . . . . . .	Number	 0000002Fh   
VK_HOME  . . . . . . . . . . . .	Number	 00000024h   
VK_INSERT  . . . . . . . . . . .	Number	 0000002Dh   
VK_LBUTTON . . . . . . . . . . .	Number	 00000001h   
VK_LCONTROL  . . . . . . . . . .	Number	 000000A2h   
VK_LEFT  . . . . . . . . . . . .	Number	 00000025h   
VK_LMENU . . . . . . . . . . . .	Number	 000000A4h   
VK_LSHIFT  . . . . . . . . . . .	Number	 000000A0h   
VK_MENU  . . . . . . . . . . . .	Number	 00000012h   
VK_MULTIPLY  . . . . . . . . . .	Number	 0000006Ah   
VK_NEXT  . . . . . . . . . . . .	Number	 00000022h   
VK_NUMLOCK . . . . . . . . . . .	Number	 00000090h   
VK_NUMPAD0 . . . . . . . . . . .	Number	 00000060h   
VK_NUMPAD1 . . . . . . . . . . .	Number	 00000061h   
VK_NUMPAD2 . . . . . . . . . . .	Number	 00000062h   
VK_NUMPAD3 . . . . . . . . . . .	Number	 00000063h   
VK_NUMPAD4 . . . . . . . . . . .	Number	 00000064h   
VK_NUMPAD5 . . . . . . . . . . .	Number	 00000065h   
VK_NUMPAD6 . . . . . . . . . . .	Number	 00000066h   
VK_NUMPAD7 . . . . . . . . . . .	Number	 00000067h   
VK_NUMPAD8 . . . . . . . . . . .	Number	 00000068h   
VK_NUMPAD9 . . . . . . . . . . .	Number	 00000069h   
VK_PAUSE . . . . . . . . . . . .	Number	 00000013h   
VK_PRINT . . . . . . . . . . . .	Number	 0000002Ah   
VK_PRIOR . . . . . . . . . . . .	Number	 00000021h   
VK_RBUTTON . . . . . . . . . . .	Number	 00000002h   
VK_RCONTROL  . . . . . . . . . .	Number	 000000A3h   
VK_RETURN  . . . . . . . . . . .	Number	 0000000Dh   
VK_RIGHT . . . . . . . . . . . .	Number	 00000027h   
VK_RMENU . . . . . . . . . . . .	Number	 000000A5h   
VK_RSHIFT  . . . . . . . . . . .	Number	 000000A1h   
VK_SCROLL  . . . . . . . . . . .	Number	 00000091h   
VK_SEPARATER . . . . . . . . . .	Number	 0000006Ch   
VK_SHIFT . . . . . . . . . . . .	Number	 00000010h   
VK_SNAPSHOT  . . . . . . . . . .	Number	 0000002Ch   
VK_SPACE . . . . . . . . . . . .	Number	 00000020h   
VK_SUBTRACT  . . . . . . . . . .	Number	 0000006Dh   
VK_TAB . . . . . . . . . . . . .	Number	 00000009h   
VK_UP  . . . . . . . . . . . . .	Number	 00000026h   
WINDOW_BUFFER_SIZE_EVENT . . . .	Number	 00000004h   
WriteConsoleOutputCharacter  . .	Text   	 WriteConsoleOutputCharacterA
WriteConsole . . . . . . . . . .	Text   	 WriteConsoleA
black  . . . . . . . . . . . . .	Number	 00000000h   
blue . . . . . . . . . . . . . .	Number	 00000001h   
brown  . . . . . . . . . . . . .	Number	 00000006h   
bytes_read . . . . . . . . . . .	DWord	 00001523 _DATA	
current_line . . . . . . . . . .	DWord	 0000151A _DATA	
cyan . . . . . . . . . . . . . .	Number	 00000003h   
databaseName . . . . . . . . . .	Byte	 00000000 _DATA	
exit . . . . . . . . . . . . . .	Text   	 INVOKE ExitProcess,0
file_buffer  . . . . . . . . . .	Byte	 00000516 _DATA	
file_handle  . . . . . . . . . .	DWord	 0000151F _DATA	
filename_copy  . . . . . . . . .	Byte	 00000016 _DATA	
gray . . . . . . . . . . . . . .	Number	 00000008h   
green  . . . . . . . . . . . . .	Number	 00000002h   
guesses_left . . . . . . . . . .	DWord	 00001DC5 _DATA	
is_copying . . . . . . . . . . .	Byte	 0000151E _DATA	
lightBlue  . . . . . . . . . . .	Number	 00000009h   
lightCyan  . . . . . . . . . . .	Number	 0000000Bh   
lightGray  . . . . . . . . . . .	Number	 00000007h   
lightGreen . . . . . . . . . . .	Number	 0000000Ah   
lightMagenta . . . . . . . . . .	Number	 0000000Dh   
lightRed . . . . . . . . . . . .	Number	 0000000Ch   
line_buffer  . . . . . . . . . .	Byte	 00000116 _DATA	
magenta  . . . . . . . . . . . .	Number	 00000005h   
mask_buffer  . . . . . . . . . .	Byte	 000015C5 _DATA	
msg_hit  . . . . . . . . . . . .	Byte	 0000156E _DATA	
msg_lose . . . . . . . . . . . .	Byte	 000015AB _DATA	
msg_miss . . . . . . . . . . . .	Byte	 00001580 _DATA	
msg_win  . . . . . . . . . . . .	Byte	 00001594 _DATA	
prompt_char  . . . . . . . . . .	Byte	 00001527 _DATA	
prompt_final . . . . . . . . . .	Byte	 0000154A _DATA	
red  . . . . . . . . . . . . . .	Number	 00000004h   
space  . . . . . . . . . . . . .	Byte	 000015C3 _DATA	
target_line  . . . . . . . . . .	DWord	 00001516 _DATA	
user_input . . . . . . . . . . .	Byte	 000019C5 _DATA	
white  . . . . . . . . . . . . .	Number	 0000000Fh   
wsprintf . . . . . . . . . . . .	Text   	 wsprintfA
yellow . . . . . . . . . . . . .	Number	 0000000Eh   

	   0 Warnings
	   0 Errors
